...........................................F2025-09-13 14:44:19,248 - tests.conftest - INFO - Test session finished, cleaning up rate limit state

=================================== FAILURES ===================================
_________________ TestTestingAgent.test_cleanup_test_artifacts _________________
tests/unit/core/test_agents.py:981: in test_cleanup_test_artifacts
    result = testing_agent.cleanup_test_artifacts()
             ^^^^^^^^^^^^^^^^^^^^^^^^^^^^^^^^^^^^^^
core/agents/testing_agent.py:932: in cleanup_test_artifacts
    shutil.rmtree(pytest_cache)
/Users/grayghostdata/.pyenv/versions/3.12.11/lib/python3.12/shutil.py:759: in rmtree
    _rmtree_safe_fd(stack, onexc)
/Users/grayghostdata/.pyenv/versions/3.12.11/lib/python3.12/shutil.py:703: in _rmtree_safe_fd
    onexc(func, path, err)
/Users/grayghostdata/.pyenv/versions/3.12.11/lib/python3.12/shutil.py:669: in _rmtree_safe_fd
    orig_st = os.lstat(name, dir_fd=dirfd)
              ^^^^^^^^^^^^^^^^^^^^^^^^^^^^
E   FileNotFoundError: [Errno 2] No such file or directory: PosixPath('/Volumes/G-DRIVE ArmorATD/Development/Clients/ToolBoxAI-Solutions/core/.pytest_cache')
---------------------------- Captured stderr setup -----------------------------
2025-09-13 14:44:19,096 - apps.backend.core.security.rate_limit_manager - INFO - Rate limiting testing mode enabled
2025-09-13 14:44:19,097 - core.agents.base_agent - INFO - Initialized TestingAgent agent
2025-09-13 14:44:19,097 - core.agents.testing_agent - INFO - Database integration initialized
2025-09-13 14:44:19,097 - core.sparc.state_manager - INFO - StateManager initialized with history_size=1000
2025-09-13 14:44:19,097 - core.sparc.policy_engine - INFO - PolicyEngine initialized with learning_rate=0.01
2025-09-13 14:44:19,097 - core.sparc.action_executor - INFO - ActionExecutor initialized with max_parallel=5
2025-09-13 14:44:19,097 - core.sparc.reward_calculator - INFO - RewardCalculator initialized with 10 dimensions
2025-09-13 14:44:19,097 - core.sparc.context_tracker - INFO - ContextTracker initialized with window_size=50
2025-09-13 14:44:19,097 - core.agents.testing_agent - INFO - SPARC framework initialized
2025-09-13 14:44:19,097 - core.agents.testing_agent - WARNING - Failed to initialize swarm intelligence: SwarmController.__init__() missing 5 required positional arguments: 'config', 'worker_pool', 'task_distributor', 'consensus_engine', and 'load_balancer'
2025-09-13 14:44:19,097 - core.agents.testing_agent - INFO - MCP context manager initialized
2025-09-13 14:44:19,097 - core.agents.testing_agent - INFO - TestingAgent initialized with project root: /Volumes/G-DRIVE ArmorATD/Development/Clients/ToolBoxAI-Solutions/core
2025-09-13 14:44:19,097 - core.agents.testing_agent - INFO - Integrations: DB=True, SPARC=True, Swarm=True, MCP=True
------------------------------ Captured log setup ------------------------------
INFO     apps.backend.core.security.rate_limit_manager:rate_limit_manager.py:210 Rate limiting testing mode enabled
INFO     core.agents.base_agent:base_agent.py:145 Initialized TestingAgent agent
INFO     core.agents.testing_agent:testing_agent.py:250 Database integration initialized
INFO     core.sparc.state_manager:state_manager.py:246 StateManager initialized with history_size=1000
INFO     core.sparc.policy_engine:policy_engine.py:208 PolicyEngine initialized with learning_rate=0.01
INFO     core.sparc.action_executor:action_executor.py:542 ActionExecutor initialized with max_parallel=5
INFO     core.sparc.reward_calculator:reward_calculator.py:582 RewardCalculator initialized with 10 dimensions
INFO     core.sparc.context_tracker:context_tracker.py:884 ContextTracker initialized with window_size=50
INFO     core.agents.testing_agent:testing_agent.py:265 SPARC framework initialized
WARNING  core.agents.testing_agent:testing_agent.py:282 Failed to initialize swarm intelligence: SwarmController.__init__() missing 5 required positional arguments: 'config', 'worker_pool', 'task_distributor', 'consensus_engine', and 'load_balancer'
INFO     core.agents.testing_agent:testing_agent.py:291 MCP context manager initialized
INFO     core.agents.testing_agent:testing_agent.py:241 TestingAgent initialized with project root: /Volumes/G-DRIVE ArmorATD/Development/Clients/ToolBoxAI-Solutions/core
INFO     core.agents.testing_agent:testing_agent.py:242 Integrations: DB=True, SPARC=True, Swarm=True, MCP=True
----------------------------- Captured stderr call -----------------------------
2025-09-13 14:44:19,098 - core.agents.testing_agent - INFO - Cleaning up test artifacts
------------------------------ Captured log call -------------------------------
INFO     core.agents.testing_agent:testing_agent.py:912 Cleaning up test artifacts
=============================== warnings summary ===============================
ToolBoxAI-Roblox-Environment/venv_clean/lib/python3.12/site-packages/passlib/utils/__init__.py:854
  /Volumes/G-DRIVE ArmorATD/Development/Clients/ToolBoxAI-Solutions/ToolBoxAI-Roblox-Environment/venv_clean/lib/python3.12/site-packages/passlib/utils/__init__.py:854: DeprecationWarning: 'crypt' is deprecated and slated for removal in Python 3.13
    from crypt import crypt as _crypt

ToolBoxAI-Roblox-Environment/venv_clean/lib/python3.12/site-packages/pydantic/_internal/_generate_schema.py:298
ToolBoxAI-Roblox-Environment/venv_clean/lib/python3.12/site-packages/pydantic/_internal/_generate_schema.py:298
ToolBoxAI-Roblox-Environment/venv_clean/lib/python3.12/site-packages/pydantic/_internal/_generate_schema.py:298
ToolBoxAI-Roblox-Environment/venv_clean/lib/python3.12/site-packages/pydantic/_internal/_generate_schema.py:298
ToolBoxAI-Roblox-Environment/venv_clean/lib/python3.12/site-packages/pydantic/_internal/_generate_schema.py:298
ToolBoxAI-Roblox-Environment/venv_clean/lib/python3.12/site-packages/pydantic/_internal/_generate_schema.py:298
ToolBoxAI-Roblox-Environment/venv_clean/lib/python3.12/site-packages/pydantic/_internal/_generate_schema.py:298
  /Volumes/G-DRIVE ArmorATD/Development/Clients/ToolBoxAI-Solutions/ToolBoxAI-Roblox-Environment/venv_clean/lib/python3.12/site-packages/pydantic/_internal/_generate_schema.py:298: PydanticDeprecatedSince20: `json_encoders` is deprecated. See https://docs.pydantic.dev/2.11/concepts/serialization/#custom-serializers for alternatives. Deprecated in Pydantic V2.0 to be removed in V3.0. See Pydantic V2 Migration Guide at https://errors.pydantic.dev/2.11/migration/
    warnings.warn(

ToolBoxAI-Roblox-Environment/venv_clean/lib/python3.12/site-packages/pydantic/fields.py:1058
ToolBoxAI-Roblox-Environment/venv_clean/lib/python3.12/site-packages/pydantic/fields.py:1058
  /Volumes/G-DRIVE ArmorATD/Development/Clients/ToolBoxAI-Solutions/ToolBoxAI-Roblox-Environment/venv_clean/lib/python3.12/site-packages/pydantic/fields.py:1058: PydanticDeprecatedSince20: `min_items` is deprecated and will be removed, use `min_length` instead. Deprecated in Pydantic V2.0 to be removed in V3.0. See Pydantic V2 Migration Guide at https://errors.pydantic.dev/2.11/migration/
    warn('`min_items` is deprecated and will be removed, use `min_length` instead', DeprecationWarning)

ToolBoxAI-Roblox-Environment/venv_clean/lib/python3.12/site-packages/pydantic/fields.py:1064
ToolBoxAI-Roblox-Environment/venv_clean/lib/python3.12/site-packages/pydantic/fields.py:1064
  /Volumes/G-DRIVE ArmorATD/Development/Clients/ToolBoxAI-Solutions/ToolBoxAI-Roblox-Environment/venv_clean/lib/python3.12/site-packages/pydantic/fields.py:1064: PydanticDeprecatedSince20: `max_items` is deprecated and will be removed, use `max_length` instead. Deprecated in Pydantic V2.0 to be removed in V3.0. See Pydantic V2 Migration Guide at https://errors.pydantic.dev/2.11/migration/
    warn('`max_items` is deprecated and will be removed, use `max_length` instead', DeprecationWarning)

ToolBoxAI-Roblox-Environment/venv_clean/lib/python3.12/site-packages/reportlab/lib/rl_safe_eval.py:12
  /Volumes/G-DRIVE ArmorATD/Development/Clients/ToolBoxAI-Solutions/ToolBoxAI-Roblox-Environment/venv_clean/lib/python3.12/site-packages/reportlab/lib/rl_safe_eval.py:12: DeprecationWarning: ast.NameConstant is deprecated and will be removed in Python 3.14; use ast.Constant instead
    haveNameConstant = hasattr(ast,'NameConstant')

core/agents/testing_agent.py:182
  /Volumes/G-DRIVE ArmorATD/Development/Clients/ToolBoxAI-Solutions/core/agents/testing_agent.py:182: PytestCollectionWarning: cannot collect test class 'TestingAgent' because it has a __init__ constructor (from: tests/unit/core/test_agents.py)
    class TestingAgent(BaseAgent):

core/agents/testing_agent.py:85
  /Volumes/G-DRIVE ArmorATD/Development/Clients/ToolBoxAI-Solutions/core/agents/testing_agent.py:85: PytestCollectionWarning: cannot collect test class 'TestType' because it has a __init__ constructor (from: tests/unit/core/test_agents.py)
    class TestType(Enum):

core/agents/testing_agent.py:95
  /Volumes/G-DRIVE ArmorATD/Development/Clients/ToolBoxAI-Solutions/core/agents/testing_agent.py:95: PytestCollectionWarning: cannot collect test class 'TestStatus' because it has a __init__ constructor (from: tests/unit/core/test_agents.py)
    class TestStatus(Enum):

core/agents/testing_agent.py:115
  /Volumes/G-DRIVE ArmorATD/Development/Clients/ToolBoxAI-Solutions/core/agents/testing_agent.py:115: PytestCollectionWarning: cannot collect test class 'TestSuiteResult' because it has a __init__ constructor (from: tests/unit/core/test_agents.py)
    @dataclass

-- Docs: https://docs.pytest.org/en/stable/how-to/capture-warnings.html
=========================== short test summary info ============================
FAILED tests/unit/core/test_agents.py::TestTestingAgent::test_cleanup_test_artifacts
!!!!!!!!!!!!!!!!!!!!!!!!!! stopping after 1 failures !!!!!!!!!!!!!!!!!!!!!!!!!!!
1 failed, 43 passed, 17 warnings in 0.76s
