tests/integration/test_advanced_supervisor.py::TestAdvancedSupervisorAgent::test_supervisor_initialization FAILED [  0%]
tests/integration/test_advanced_supervisor.py::TestAdvancedSupervisorAgent::test_educational_content_workflow FAILED [  0%]
tests/integration/test_advanced_supervisor.py::TestAdvancedSupervisorAgent::test_lesson_creation_workflow FAILED [  0%]
tests/integration/test_advanced_supervisor.py::TestAdvancedSupervisorAgent::test_roblox_environment_workflow FAILED [  1%]
tests/integration/test_advanced_supervisor.py::TestAdvancedSupervisorAgent::test_assessment_generation_workflow FAILED [  1%]
tests/integration/test_advanced_supervisor.py::TestAdvancedSupervisorAgent::test_agent_health_monitoring FAILED [  1%]
tests/integration/test_advanced_supervisor.py::TestAdvancedSupervisorAgent::test_performance_monitoring FAILED [  2%]
tests/integration/test_advanced_supervisor.py::TestAdvancedSupervisorAgent::test_workflow_cancellation FAILED [  2%]
tests/integration/test_advanced_supervisor.py::TestAdvancedSupervisorAgent::test_workflow_templates FAILED [  2%]
tests/integration/test_advanced_supervisor.py::TestAdvancedSupervisorAgent::test_database_integration FAILED [  2%]
tests/integration/test_advanced_supervisor.py::TestAdvancedSupervisorAgent::test_sparc_integration FAILED [  3%]
tests/integration/test_advanced_supervisor.py::TestAdvancedSupervisorAgent::test_error_handling_and_recovery FAILED [  3%]
tests/integration/test_advanced_supervisor.py::TestAdvancedSupervisorAgent::test_concurrent_workflows FAILED [  3%]
tests/integration/test_advanced_supervisor.py::TestAdvancedSupervisorAgent::test_workflow_state_persistence FAILED [  4%]
tests/integration/test_advanced_supervisor.py::TestAdvancedSupervisorAgent::test_quality_validation FAILED [  4%]
tests/integration/test_advanced_supervisor.py::TestRealDataIntegration::test_real_database_workflow FAILED [  5%]
tests/integration/test_advanced_supervisor.py::TestRealDataIntegration::test_real_mcp_integration FAILED [  5%]
tests/integration/test_advanced_supervisor.py::TestPerformanceAndLoad::test_high_load_workflow_execution FAILED [  6%]
tests/integration/test_advanced_supervisor.py::TestPerformanceAndLoad::test_memory_usage_monitoring FAILED [  6%]
tests/integration/test_all_endpoints.py::test_endpoint ERROR             [ 11%]
tests/integration/test_api_v1_endpoints.py::TestAnalyticsEndpoints::test_realtime_analytics_unauthorized FAILED [ 15%]
tests/integration/test_api_v1_endpoints.py::TestAnalyticsEndpoints::test_realtime_analytics_authorized ERROR [ 15%]
tests/integration/test_api_v1_endpoints.py::TestAnalyticsEndpoints::test_summary_analytics_authorized ERROR [ 15%]
tests/integration/test_api_v1_endpoints.py::TestAnalyticsEndpoints::test_summary_analytics_with_filters ERROR [ 16%]
tests/integration/test_api_v1_endpoints.py::TestReportsEndpoints::test_generate_report_unauthorized FAILED [ 16%]
tests/integration/test_api_v1_endpoints.py::TestReportsEndpoints::test_generate_report_authorized ERROR [ 16%]
tests/integration/test_api_v1_endpoints.py::TestReportsEndpoints::test_generate_report_invalid_type ERROR [ 17%]
tests/integration/test_api_v1_endpoints.py::TestReportsEndpoints::test_report_status ERROR [ 17%]
tests/integration/test_api_v1_endpoints.py::TestReportsEndpoints::test_download_report ERROR [ 17%]
tests/integration/test_api_v1_endpoints.py::TestAdminUserEndpoints::test_list_users_unauthorized FAILED [ 18%]
tests/integration/test_api_v1_endpoints.py::TestAdminUserEndpoints::test_list_users_authorized ERROR [ 18%]
tests/integration/test_api_v1_endpoints.py::TestAdminUserEndpoints::test_list_users_with_pagination ERROR [ 18%]
tests/integration/test_api_v1_endpoints.py::TestAdminUserEndpoints::test_create_user_authorized ERROR [ 18%]
tests/integration/test_api_v1_endpoints.py::TestAdminUserEndpoints::test_create_user_invalid_data ERROR [ 19%]
tests/integration/test_api_v1_endpoints.py::TestAdminUserEndpoints::test_get_user_authorized ERROR [ 19%]
tests/integration/test_api_v1_endpoints.py::TestAdminUserEndpoints::test_get_user_not_found ERROR [ 19%]
tests