--- Logging error ---
Traceback (most recent call last):
  File "/Users/grayghostdata/.pyenv/versions/3.12.11/lib/python3.12/logging/__init__.py", line 1163, in emit
    stream.write(msg + self.terminator)
ValueError: I/O operation on closed file.
Call stack:
  File "<frozen runpy>", line 198, in _run_module_as_main
  File "<frozen runpy>", line 88, in _run_code
  File "/Volumes/G-DRIVE ArmorATD/Development/Clients/ToolBoxAI-Solutions/ToolboxAI-Roblox-Environment/venv_clean/lib/python3.12/site-packages/pytest/__main__.py", line 9, in <module>
    raise SystemExit(pytest.console_main())
  File "/Volumes/G-DRIVE ArmorATD/Development/Clients/ToolBoxAI-Solutions/ToolboxAI-Roblox-Environment/venv_clean/lib/python3.12/site-packages/_pytest/config/__init__.py", line 201, in console_main
    code = main()
  File "/Volumes/G-DRIVE ArmorATD/Development/Clients/ToolBoxAI-Solutions/ToolboxAI-Roblox-Environment/venv_clean/lib/python3.12/site-packages/_pytest/config/__init__.py", line 175, in main
    ret: ExitCode | int = config.hook.pytest_cmdline_main(config=config)
  File "/Volumes/G-DRIVE ArmorATD/Development/Clients/ToolBoxAI-Solutions/ToolboxAI-Roblox-Environment/venv_clean/lib/python3.12/site-packages/pluggy/_hooks.py", line 512, in __call__
    return self._hookexec(self.name, self._hookimpls.copy(), kwargs, firstresult)
  File "/Volumes/G-DRIVE ArmorATD/Development/Clients/ToolBoxAI-Solutions/ToolboxAI-Roblox-Environment/venv_clean/lib/python3.12/site-packages/pluggy/_manager.py", line 120, in _hookexec
    return self._inner_hookexec(hook_name, methods, kwargs, firstresult)
  File "/Volumes/G-DRIVE ArmorATD/Development/Clients/ToolBoxAI-Solutions/ToolboxAI-Roblox-Environment/venv_clean/lib/python3.12/site-packages/pluggy/_callers.py", line 121, in _multicall
    res = hook_impl.function(*args)
  File "/Volumes/G-DRIVE ArmorATD/Development/Clients/ToolBoxAI-Solutions/ToolboxAI-Roblox-Environment/venv_clean/lib/python3.12/site-packages/_pytest/main.py", line 336, in pytest_cmdline_main
    return wrap_session(config, _main)
  File "/Volumes/G-DRIVE ArmorATD/Development/Clients/ToolBoxAI-Solutions/ToolboxAI-Roblox-Environment/venv_clean/lib/python3.12/site-packages/_pytest/main.py", line 324, in wrap_session
    config.hook.pytest_sessionfinish(
  File "/Volumes/G-DRIVE ArmorATD/Development/Clients/ToolBoxAI-Solutions/ToolboxAI-Roblox-Environment/venv_clean/lib/python3.12/site-packages/pluggy/_hooks.py", line 512, in __call__
    return self._hookexec(self.name, self._hookimpls.copy(), kwargs, firstresult)
  File "/Volumes/G-DRIVE ArmorATD/Development/Clients/ToolBoxAI-Solutions/ToolboxAI-Roblox-Environment/venv_clean/lib/python3.12/site-packages/pluggy/_manager.py", line 120, in _hookexec
    return self._inner_hookexec(hook_name, methods, kwargs, firstresult)
  File "/Volumes/G-DRIVE ArmorATD/Development/Clients/ToolBoxAI-Solutions/ToolboxAI-Roblox-Environment/venv_clean/lib/python3.12/site-packages/pluggy/_callers.py", line 121, in _multicall
    res = hook_impl.function(*args)
  File "/Volumes/G-DRIVE ArmorATD/Development/Clients/ToolBoxAI-Solutions/ToolboxAI-Roblox-Environment/tests/conftest.py", line 216, in pytest_sessionfinish
    logger.info("Test session finished, cleaning up rate limit state")
Message: 'Test session finished, cleaning up rate limit state'
Arguments: ()
--- Logging error ---
Traceback (most recent call last):
  File "/Users/grayghostdata/.pyenv/versions/3.12.11/lib/python3.12/logging/__init__.py", line 1163, in emit
    stream.write(msg + self.terminator)
ValueError: I/O operation on closed file.
Call stack:
  File "<frozen runpy>", line 198, in _run_module_as_main
  File "<frozen runpy>", line 88, in _run_code
  File "/Volumes/G-DRIVE ArmorATD/Development/Clients/ToolBoxAI-Solutions/ToolboxAI-Roblox-Environment/venv_clean/lib/python3.12/site-packages/pytest/__main__.py", line 9, in <module>
    raise SystemExit(pytest.console_main())
  File "/Volumes/G-DRIVE ArmorATD/Development/Clients/ToolBoxAI-Solutions/ToolboxAI-Roblox-Environment/venv_clean/lib/python3.12/site-packages/_pytest/config/__init__.py", line 201, in console_main
    code = main()
  File "/Volumes/G-DRIVE ArmorATD/Development/Clients/ToolBoxAI-Solutions/ToolboxAI-Roblox-Environment/venv_clean/lib/python3.12/site-packages/_pytest/config/__init__.py", line 175, in main
    ret: ExitCode | int = config.hook.pytest_cmdline_main(config=config)
  File "/Volumes/G-DRIVE ArmorATD/Development/Clients/ToolBoxAI-Solutions/ToolboxAI-Roblox-Environment/venv_clean/lib/python3.12/site-packages/pluggy/_hooks.py", line 512, in __call__
    return self._hookexec(self.name, self._hookimpls.copy(), kwargs, firstresult)
  File "/Volumes/G-DRIVE ArmorATD/Development/Clients/ToolBoxAI-Solutions/ToolboxAI-Roblox-Environment/venv_clean/lib/python3.12/site-packages/pluggy/_manager.py", line 120, in _hookexec
    return self._inner_hookexec(hook_name, methods, kwargs, firstresult)
  File "/Volumes/G-DRIVE ArmorATD/Development/Clients/ToolBoxAI-Solutions/ToolboxAI-Roblox-Environment/venv_clean/lib/python3.12/site-packages/pluggy/_callers.py", line 121, in _multicall
    res = hook_impl.function(*args)
  File "/Volumes/G-DRIVE ArmorATD/Development/Clients/ToolBoxAI-Solutions/ToolboxAI-Roblox-Environment/venv_clean/lib/python3.12/site-packages/_pytest/main.py", line 336, in pytest_cmdline_main
    return wrap_session(config, _main)
  File "/Volumes/G-DRIVE ArmorATD/Development/Clients/ToolBoxAI-Solutions/ToolboxAI-Roblox-Environment/venv_clean/lib/python3.12/site-packages/_pytest/main.py", line 324, in wrap_session
    config.hook.pytest_sessionfinish(
  File "/Volumes/G-DRIVE ArmorATD/Development/Clients/ToolBoxAI-Solutions/ToolboxAI-Roblox-Environment/venv_clean/lib/python3.12/site-packages/pluggy/_hooks.py", line 512, in __call__
    return self._hookexec(self.name, self._hookimpls.copy(), kwargs, firstresult)
  File "/Volumes/G-DRIVE ArmorATD/Development/Clients/ToolBoxAI-Solutions/ToolboxAI-Roblox-Environment/venv_clean/lib/python3.12/site-packages/pluggy/_manager.py", line 120, in _hookexec
    return self._inner_hookexec(hook_name, methods, kwargs, firstresult)
  File "/Volumes/G-DRIVE ArmorATD/Development/Clients/ToolBoxAI-Solutions/ToolboxAI-Roblox-Environment/venv_clean/lib/python3.12/site-packages/pluggy/_callers.py", line 121, in _multicall
    res = hook_impl.function(*args)
  File "/Volumes/G-DRIVE ArmorATD/Development/Clients/ToolBoxAI-Solutions/ToolboxAI-Roblox-Environment/tests/conftest.py", line 220, in pytest_sessionfinish
    clear_all_rate_limits()
  File "/Volumes/G-DRIVE ArmorATD/Development/Clients/ToolBoxAI-Solutions/server/rate_limit_manager.py", line 420, in clear_all_rate_limits
    manager.clear_all_limits()
  File "/Volumes/G-DRIVE ArmorATD/Development/Clients/ToolBoxAI-Solutions/server/rate_limit_manager.py", line 276, in clear_all_limits
    logger.info("All rate limiting state cleared")
Message: 'All rate limiting state cleared'
Arguments: ()
--- Logging error ---
Traceback (most recent call last):
  File "/Users/grayghostdata/.pyenv/versions/3.12.11/lib/python3.12/logging/__init__.py", line 1163, in emit
    stream.write(msg + self.terminator)
ValueError: I/O operation on closed file.
Call stack:
  File "<frozen runpy>", line 198, in _run_module_as_main
  File "<frozen runpy>", line 88, in _run_code
  File "/Volumes/G-DRIVE ArmorATD/Development/Clients/ToolBoxAI-Solutions/ToolboxAI-Roblox-Environment/venv_clean/lib/python3.12/site-packages/pytest/__main__.py", line 9, in <module>
    raise SystemExit(pytest.console_main())
  File "/Volumes/G-DRIVE ArmorATD/Development/Clients/ToolBoxAI-Solutions/ToolboxAI-Roblox-Environment/venv_clean/lib/python3.12/site-packages/_pytest/config/__init__.py", line 201, in console_main
    code = main()
  File "/Volumes/G-DRIVE ArmorATD/Development/Clients/ToolBoxAI-Solutions/ToolboxAI-Roblox-Environment/venv_clean/lib/python3.12/site-packages/_pytest/config/__init__.py", line 175, in main
    ret: ExitCode | int = config.hook.pytest_cmdline_main(config=config)
  File "/Volumes/G-DRIVE ArmorATD/Development/Clients/ToolBoxAI-Solutions/ToolboxAI-Roblox-Environment/venv_clean/lib/python3.12/site-packages/pluggy/_hooks.py", line 512, in __call__
    return self._hookexec(self.name, self._hookimpls.copy(), kwargs, firstresult)
  File "/Volumes/G-DRIVE ArmorATD/Development/Clients/ToolBoxAI-Solutions/ToolboxAI-Roblox-Environment/venv_clean/lib/python3.12/site-packages/pluggy/_manager.py", line 120, in _hookexec
    return self._inner_hookexec(hook_name, methods, kwargs, firstresult)
  File "/Volumes/G-DRIVE ArmorATD/Development/Clients/ToolBoxAI-Solutions/ToolboxAI-Roblox-Environment/venv_clean/lib/python3.12/site-packages/pluggy/_callers.py", line 121, in _multicall
    res = hook_impl.function(*args)
  File "/Volumes/G-DRIVE ArmorATD/Development/Clients/ToolBoxAI-Solutions/ToolboxAI-Roblox-Environment/venv_clean/lib/python3.12/site-packages/_pytest/main.py", line 336, in pytest_cmdline_main
    return wrap_session(config, _main)
  File "/Volumes/G-DRIVE ArmorATD/Development/Clients/ToolBoxAI-Solutions/ToolboxAI-Roblox-Environment/venv_clean/lib/python3.12/site-packages/_pytest/main.py", line 331, in wrap_session
    config._ensure_unconfigure()
  File "/Volumes/G-DRIVE ArmorATD/Development/Clients/ToolBoxAI-Solutions/ToolboxAI-Roblox-Environment/venv_clean/lib/python3.12/site-packages/_pytest/config/__init__.py", line 1126, in _ensure_unconfigure
    self.hook.pytest_unconfigure(config=self)
  File "/Volumes/G-DRIVE ArmorATD/Development/Clients/ToolBoxAI-Solutions/ToolboxAI-Roblox-Environment/venv_clean/lib/python3.12/site-packages/pluggy/_hooks.py", line 512, in __call__
    return self._hookexec(self.name, self._hookimpls.copy(), kwargs, firstresult)
  File "/Volumes/G-DRIVE ArmorATD/Development/Clients/ToolBoxAI-Solutions/ToolboxAI-Roblox-Environment/venv_clean/lib/python3.12/site-packages/pluggy/_manager.py", line 120, in _hookexec
    return self._inner_hookexec(hook_name, methods, kwargs, firstresult)
  File "/Volumes/G-DRIVE ArmorATD/Development/Clients/ToolBoxAI-Solutions/ToolboxAI-Roblox-Environment/venv_clean/lib/python3.12/site-packages/pluggy/_callers.py", line 121, in _multicall
    res = hook_impl.function(*args)
  File "/Volumes/G-DRIVE ArmorATD/Development/Clients/ToolBoxAI-Solutions/ToolboxAI-Roblox-Environment/tests/integration/conftest.py", line 474, in pytest_unconfigure
    manager = RateLimitManager.get_instance()
  File "/Volumes/G-DRIVE ArmorATD/Development/Clients/ToolBoxAI-Solutions/server/rate_limit_manager.py", line 100, in get_instance
    cls._instance = cls(config, redis_client)
  File "/Volumes/G-DRIVE ArmorATD/Development/Clients/ToolBoxAI-Solutions/server/rate_limit_manager.py", line 94, in __init__
    logger.info(f"RateLimitManager initialized in {self.config.mode.value} mode")
Message: 'RateLimitManager initialized in production mode'
Arguments: ()
--- Logging error ---
Traceback (most recent call last):
  File "/Users/grayghostdata/.pyenv/versions/3.12.11/lib/python3.12/logging/__init__.py", line 1163, in emit
    stream.write(msg + self.terminator)
ValueError: I/O operation on closed file.
Call stack:
  File "<frozen runpy>", line 198, in _run_module_as_main
  File "<frozen runpy>", line 88, in _run_code
  File "/Volumes/G-DRIVE ArmorATD/Development/Clients/ToolBoxAI-Solutions/ToolboxAI-Roblox-Environment/venv_clean/lib/python3.12/site-packages/pytest/__main__.py", line 9, in <module>
    raise SystemExit(pytest.console_main())
  File "/Volumes/G-DRIVE ArmorATD/Development/Clients/ToolBoxAI-Solutions/ToolboxAI-Roblox-Environment/venv_clean/lib/python3.12/site-packages/_pytest/config/__init__.py", line 201, in console_main
    code = main()
  File "/Volumes/G-DRIVE ArmorATD/Development/Clients/ToolBoxAI-Solutions/ToolboxAI-Roblox-Environment/venv_clean/lib/python3.12/site-packages/_pytest/config/__init__.py", line 175, in main
    ret: ExitCode | int = config.hook.pytest_cmdline_main(config=config)
  File "/Volumes/G-DRIVE ArmorATD/Development/Clients/ToolBoxAI-Solutions/ToolboxAI-Roblox-Environment/venv_clean/lib/python3.12/site-packages/pluggy/_hooks.py", line 512, in __call__
    return self._hookexec(self.name, self._hookimpls.copy(), kwargs, firstresult)
  File "/Volumes/G-DRIVE ArmorATD/Development/Clients/ToolBoxAI-Solutions/ToolboxAI-Roblox-Environment/venv_clean/lib/python3.12/site-packages/pluggy/_manager.py", line 120, in _hookexec
    return self._inner_hookexec(hook_name, methods, kwargs, firstresult)
  File "/Volumes/G-DRIVE ArmorATD/Development/Clients/ToolBoxAI-Solutions/ToolboxAI-Roblox-Environment/venv_clean/lib/python3.12/site-packages/pluggy/_callers.py", line 121, in _multicall
    res = hook_impl.function(*args)
  File "/Volumes/G-DRIVE ArmorATD/Development/Clients/ToolBoxAI-Solutions/ToolboxAI-Roblox-Environment/venv_clean/lib/python3.12/site-packages/_pytest/main.py", line 336, in pytest_cmdline_main
    return wrap_session(config, _main)
  File "/Volumes/G-DRIVE ArmorATD/Development/Clients/ToolBoxAI-Solutions/ToolboxAI-Roblox-Environment/venv_clean/lib/python3.12/site-packages/_pytest/main.py", line 331, in wrap_session
    config._ensure_unconfigure()
  File "/Volumes/G-DRIVE ArmorATD/Development/Clients/ToolBoxAI-Solutions/ToolboxAI-Roblox-Environment/venv_clean/lib/python3.12/site-packages/_pytest/config/__init__.py", line 1126, in _ensure_unconfigure
    self.hook.pytest_unconfigure(config=self)
  File "/Volumes/G-DRIVE ArmorATD/Development/Clients/ToolBoxAI-Solutions/ToolboxAI-Roblox-Environment/venv_clean/lib/python3.12/site-packages/pluggy/_hooks.py", line 512, in __call__
    return self._hookexec(self.name, self._hookimpls.copy(), kwargs, firstresult)
  File "/Volumes/G-DRIVE ArmorATD/Development/Clients/ToolBoxAI-Solutions/ToolboxAI-Roblox-Environment/venv_clean/lib/python3.12/site-packages/pluggy/_manager.py", line 120, in _hookexec
    return self._inner_hookexec(hook_name, methods, kwargs, firstresult)
  File "/Volumes/G-DRIVE ArmorATD/Development/Clients/ToolBoxAI-Solutions/ToolboxAI-Roblox-Environment/venv_clean/lib/python3.12/site-packages/pluggy/_callers.py", line 121, in _multicall
    res = hook_impl.function(*args)
  File "/Volumes/G-DRIVE ArmorATD/Development/Clients/ToolBoxAI-Solutions/ToolboxAI-Roblox-Environment/tests/integration/conftest.py", line 475, in pytest_unconfigure
    manager.clear_all_limits()
  File "/Volumes/G-DRIVE ArmorATD/Development/Clients/ToolBoxAI-Solutions/server/rate_limit_manager.py", line 276, in clear_all_limits
    logger.info("All rate limiting state cleared")
Message: 'All rate limiting state cleared'
Arguments: ()

=============================== warnings summary ===============================
venv_clean/lib/python3.12/site-packages/passlib/utils/__init__.py:854
  /Volumes/G-DRIVE ArmorATD/Development/Clients/ToolBoxAI-Solutions/ToolboxAI-Roblox-Environment/venv_clean/lib/python3.12/site-packages/passlib/utils/__init__.py:854: DeprecationWarning: 'crypt' is deprecated and slated for removal in Python 3.13
    from crypt import crypt as _crypt

venv_clean/lib/python3.12/site-packages/pydantic/_internal/_generate_schema.py:298
venv_clean/lib/python3.12/site-packages/pydantic/_internal/_generate_schema.py:298
venv_clean/lib/python3.12/site-packages/pydantic/_internal/_generate_schema.py:298
venv_clean/lib/python3.12/site-packages/pydantic/_internal/_generate_schema.py:298
venv_clean/lib/python3.12/site-packages/pydantic/_internal/_generate_schema.py:298
venv_clean/lib/python3.12/site-packages/pydantic/_internal/_generate_schema.py:298
venv_clean/lib/python3.12/site-packages/pydantic/_internal/_generate_schema.py:298
  /Volumes/G-DRIVE ArmorATD/Development/Clients/ToolBoxAI-Solutions/ToolboxAI-Roblox-Environment/venv_clean/lib/python3.12/site-packages/pydantic/_internal/_generate_schema.py:298: PydanticDeprecatedSince20: `json_encoders` is deprecated. See https://docs.pydantic.dev/2.11/concepts/serialization/#custom-serializers for alternatives. Deprecated in Pydantic V2.0 to be removed in V3.0. See Pydantic V2 Migration Guide at https://errors.pydantic.dev/2.11/migration/
    warnings.warn(

venv_clean/lib/python3.12/site-packages/pydantic/fields.py:1058
venv_clean/lib/python3.12/site-packages/pydantic/fields.py:1058
  /Volumes/G-DRIVE ArmorATD/Development/Clients/ToolBoxAI-Solutions/ToolboxAI-Roblox-Environment/venv_clean/lib/python3.12/site-packages/pydantic/fields.py:1058: PydanticDeprecatedSince20: `min_items` is deprecated and will be removed, use `min_length` instead. Deprecated in Pydantic V2.0 to be removed in V3.0. See Pydantic V2 Migration Guide at https://errors.pydantic.dev/2.11/migration/
    warn('`min_items` is deprecated and will be removed, use `min_length` instead', DeprecationWarning)

venv_clean/lib/python3.12/site-packages/pydantic/fields.py:1064
venv_clean/lib/python3.12/site-packages/pydantic/fields.py:1064
  /Volumes/G-DRIVE ArmorATD/Development/Clients/ToolBoxAI-Solutions/ToolboxAI-Roblox-Environment/venv_clean/lib/python3.12/site-packages/pydantic/fields.py:1064: PydanticDeprecatedSince20: `max_items` is deprecated and will be removed, use `max_length` instead. Deprecated in Pydantic V2.0 to be removed in V3.0. See Pydantic V2 Migration Guide at https://errors.pydantic.dev/2.11/migration/
    warn('`max_items` is deprecated and will be removed, use `max_length` instead', DeprecationWarning)

../database/models.py:26
  /Volumes/G-DRIVE ArmorATD/Development/Clients/ToolBoxAI-Solutions/database/models.py:26: MovedIn20Warning: The ``declarative_base()`` function is now available as sqlalchemy.orm.declarative_base(). (deprecated since: 2.0) (Background on SQLAlchemy 2.0 at: https://sqlalche.me/e/b8d9)
    Base = declarative_base()

../server/agent.py:128
  /Volumes/G-DRIVE ArmorATD/Development/Clients/ToolBoxAI-Solutions/server/agent.py:128: LangChainDeprecationWarning: Please see the migration guide at: https://python.langchain.com/docs/versions/migrating_memory/
    self.memory = ConversationBufferMemory(return_messages=True)

venv_clean/lib/python3.12/site-packages/reportlab/lib/rl_safe_eval.py:12
  /Volumes/G-DRIVE ArmorATD/Development/Clients/ToolBoxAI-Solutions/ToolboxAI-Roblox-Environment/venv_clean/lib/python3.12/site-packages/reportlab/lib/rl_safe_eval.py:12: DeprecationWarning: ast.NameConstant is deprecated and will be removed in Python 3.14; use ast.Constant instead
    haveNameConstant = hasattr(ast,'NameConstant')

agents/testing_agent.py:182
  /Volumes/G-DRIVE ArmorATD/Development/Clients/ToolBoxAI-Solutions/ToolboxAI-Roblox-Environment/agents/testing_agent.py:182: PytestCollectionWarning: cannot collect test class 'TestingAgent' because it has a __init__ constructor (from: tests/integration/test_agent_integration_new.py)
    class TestingAgent(BaseAgent):

agents/testing_agent.py:182
  /Volumes/G-DRIVE ArmorATD/Development/Clients/ToolBoxAI-Solutions/ToolboxAI-Roblox-Environment/agents/testing_agent.py:182: PytestCollectionWarning: cannot collect test class 'TestingAgent' because it has a __init__ constructor (from: tests/integration/test_content_generation_pipeline.py)
    class TestingAgent(BaseAgent):

tests/integration/test_fastapi_comprehensive.py:39
  /Volumes/G-DRIVE ArmorATD/Development/Clients/ToolBoxAI-Solutions/ToolboxAI-Roblox-Environment/tests/integration/test_fastapi_comprehensive.py:39: PytestCollectionWarning: cannot collect test class 'TestResult' because it has a __init__ constructor (from: tests/integration/test_fastapi_comprehensive.py)
    class TestResult:

agents/testing_agent.py:182
  /Volumes/G-DRIVE ArmorATD/Development/Clients/ToolBoxAI-Solutions/ToolboxAI-Roblox-Environment/agents/testing_agent.py:182: PytestCollectionWarning: cannot collect test class 'TestingAgent' because it has a __init__ constructor (from: tests/unit/test_agents.py)
    class TestingAgent(BaseAgent):

agents/testing_agent.py:85
  /Volumes/G-DRIVE ArmorATD/Development/Clients/ToolBoxAI-Solutions/ToolboxAI-Roblox-Environment/agents/testing_agent.py:85: PytestCollectionWarning: cannot collect test class 'TestType' because it has a __init__ constructor (from: tests/unit/test_agents.py)
    class TestType(Enum):

agents/testing_agent.py:95
  /Volumes/G-DRIVE ArmorATD/Development/Clients/ToolBoxAI-Solutions/ToolboxAI-Roblox-Environment/agents/testing_agent.py:95: PytestCollectionWarning: cannot collect test class 'TestStatus' because it has a __init__ constructor (from: tests/unit/test_agents.py)
    class TestStatus(Enum):

agents/testing_agent.py:115
  /Volumes/G-DRIVE ArmorATD/Development/Clients/ToolBoxAI-Solutions/ToolboxAI-Roblox-Environment/agents/testing_agent.py:115: PytestCollectionWarning: cannot collect test class 'TestSuiteResult' because it has a __init__ constructor (from: tests/unit/test_agents.py)
    @dataclass

../server/auth_secure.py:54
  /Volumes/G-DRIVE ArmorATD/Development/Clients/ToolBoxAI-Solutions/server/auth_secure.py:54: PydanticDeprecatedSince20: Pydantic V1 style `@validator` validators are deprecated. You should migrate to Pydantic V2 style `@field_validator` validators, see the migration guide for more details. Deprecated in Pydantic V2.0 to be removed in V3.0. See Pydantic V2 Migration Guide at https://errors.pydantic.dev/2.11/migration/
    @validator('role')

-- Docs: https://docs.pytest.org/en/stable/how-to/capture-warnings.html
=========================== short test summary info ============================
ERROR tests/performance/database_performance_test.py
ERROR tests/performance/test_api_v1_endpoints.py
ERROR tests/unit/test_plugin_pipeline.py
ERROR tests/unit/test_security.py
!!!!!!!!!!!!!!!!!!! Interrupted: 4 errors during collection !!!!!!!!!!!!!!!!!!!!
23 warnings, 4 errors in 27.19s
