============================= test session starts ==============================
platform darwin -- Python 3.12.11, pytest-8.4.2, pluggy-1.6.0
rootdir: /Volumes/G-DRIVE ArmorATD/Development/Clients/ToolBoxAI-Solutions/ToolboxAI-Roblox-Environment
configfile: pytest.ini
plugins: asyncio-1.1.0, anyio-4.10.0, cov-6.2.1, mock-3.12.0, langsmith-0.4.27
asyncio: mode=Mode.STRICT, asyncio_default_fixture_loop_scope=None, asyncio_default_test_loop_scope=function
collected 344 items / 4 errors

tests/integration/test_advanced_supervisor.py FFFFFFFFFFFFFFF...FFFF     [  6%]
tests/integration/test_agent_integration.py ...............              [ 10%]
tests/integration/test_all_endpoints.py E                                [ 11%]
tests/integration/test_api_integration.py ..............                 [ 15%]
tests/integration/test_api_v1_endpoints.py FEEEFEEEEFEEEEEEEEFF          [ 20%]
tests/integration/test_auth_system.py FF                                 [ 21%]
tests/integration/test_databases.py F                                    [ 21%]
tests/integration/test_endpoints.py E                                    [ 22%]
tests/integration/test_enhanced_content_agent.py FF                      [ 22%]
tests/integration/test_fastapi_minimal.py ..F                            [ 23%]
tests/integration/test_fixes_integration.py ......                       [ 25%]
tests/integration/test_flask_bridge.py ....                              [ 26%]
tests/integration/test_flask_integration.py .........                    [ 29%]
tests/integration/test_rate_limiting_fix.py ...                          [ 29%]
tests/integration/test_roblox.py ..F.................                    [ 35%]
tests/integration/test_rojo_integration.py EEE                           [ 36%]
tests/integration/test_settings.py .                                     [ 36%]
tests/integration/test_simple_rate_limit.py F                            [ 37%]
tests/integration/test_socketio.py EFF                                   [ 38%]
tests/integration/test_socketio_status.py F                              [ 38%]
tests/integration/test_websocket.py F                                    [ 38%]
tests/integration/test_websocket_auth.py ....................            [ 44%]
tests/integration/test_websocket_integration.py FFF                      [ 45%]
tests/integration/test_workflows.py FFFFFFFFFFFFF                        [ 49%]
tests/performance/test_agent_performance.py s.s