{"numTotalTestSuites":2,"numPassedTestSuites":2,"numFailedTestSuites":0,"numPendingTestSuites":0,"numTotalTests":12,"numPassedTests":0,"numFailedTests":12,"numPendingTests":0,"numTodoTests":0,"startTime":1757938963145,"success":false,"testResults":[{"assertionResults":[{"ancestorTitles":["","Classes"],"fullName":" Classes renders the classes page with header","status":"failed","title":"renders the classes page with header","duration":2,"failureMessages":["listClasses does not exist"],"location":{"line":67,"column":8}},{"ancestorTitles":["","Classes"],"fullName":" Classes shows Create Class button for teachers","status":"failed","title":"shows Create Class button for teachers","duration":1,"failureMessages":["listClasses does not exist"],"location":{"line":67,"column":8}},{"ancestorTitles":["","Classes"],"fullName":" Classes does not show Create Class button for non-teachers","status":"failed","title":"does not show Create Class button for non-teachers","duration":0,"failureMessages":["listClasses does not exist"],"location":{"line":67,"column":8}},{"ancestorTitles":["","Classes"],"fullName":" Classes displays class cards with correct information","status":"failed","title":"displays class cards with correct information","duration":1,"failureMessages":["listClasses does not exist"],"location":{"line":67,"column":8}},{"ancestorTitles":["","Classes"],"fullName":" Classes displays online status chip for online classes","status":"failed","title":"displays online status chip for online classes","duration":0,"failureMessages":["listClasses does not exist"],"location":{"line":67,"column":8}},{"ancestorTitles":["","Classes"],"fullName":" Classes calculates and displays correct statistics","status":"failed","title":"calculates and displays correct statistics","duration":1,"failureMessages":["listClasses does not exist"],"location":{"line":67,"column":8}},{"ancestorTitles":["","Classes"],"fullName":" Classes handles search functionality","status":"failed","title":"handles search functionality","duration":0,"failureMessages":["listClasses does not exist"],"location":{"line":67,"column":8}},{"ancestorTitles":["","Classes"],"fullName":" Classes handles View button click and navigates to class details","status":"failed","title":"handles View button click and navigates to class details","duration":0,"failureMessages":["listClasses does not exist"],"location":{"line":67,"column":8}},{"ancestorTitles":["","Classes"],"fullName":" Classes handles Push to Roblox button click with notification","status":"failed","title":"handles Push to Roblox button click with notification","duration":0,"failureMessages":["listClasses does not exist"],"location":{"line":67,"column":8}},{"ancestorTitles":["","Classes"],"fullName":" Classes shows empty state when no classes exist","status":"failed","title":"shows empty state when no classes exist","duration":1,"failureMessages":["listClasses does not exist"],"location":{"line":67,"column":8}},{"ancestorTitles":["","Classes"],"fullName":" Classes shows loading state initially","status":"failed","title":"shows loading state initially","duration":0,"failureMessages":["listClasses does not exist"],"location":{"line":67,"column":8}},{"ancestorTitles":["","Classes"],"fullName":" Classes shows student progress tracker for teachers","status":"failed","title":"shows student progress tracker for teachers","duration":0,"failureMessages":["listClasses does not exist"],"location":{"line":67,"column":8}}],"startTime":1757938965972,"endTime":1757938965978,"status":"failed","message":"","name":"/Volumes/G-DRIVE ArmorATD/Development/Clients/ToolBoxAI-Solutions/apps/dashboard/src/__tests__/components/pages/Classes.test.tsx"}]}