{"numTotalTestSuites":2,"numPassedTestSuites":2,"numFailedTestSuites":0,"numPendingTestSuites":0,"numTotalTests":2,"numPassedTests":2,"numFailedTests":0,"numPendingTests":0,"numTodoTests":0,"startTime":1757899262669,"success":true,"testResults":[{"assertionResults":[{"ancestorTitles":["","ThemeProvider"],"fullName":" ThemeProvider should render with light theme by default","status":"passed","title":"should render with light theme by default","duration":16,"failureMessages":[]},{"ancestorTitles":["","ThemeProvider"],"fullName":" ThemeProvider should switch to cybermoon theme when selected","status":"passed","title":"should switch to cybermoon theme when selected","duration":4,"failureMessages":[]}],"startTime":1757899278062,"endTime":1757899278082,"status":"passed","message":"","name":"/Volumes/G-DRIVE ArmorATD/Development/Clients/ToolBoxAI-Solutions/apps/dashboard/src/test/theme.test.tsx"}]}